META-INF/com/android/build/gradle/app-metadata.properties
classes.dex
classes2.dex
classes3.dex
META-INF/androidx.activity_activity.version
META-INF/androidx.annotation_annotation-experimental.version
META-INF/androidx.appcompat_appcompat-resources.version
META-INF/androidx.appcompat_appcompat.version
META-INF/androidx.arch.core_core-runtime.version
META-INF/androidx.cardview_cardview.version
META-INF/androidx.coordinatorlayout_coordinatorlayout.version
META-INF/androidx.core_core.version
META-INF/androidx.cursoradapter_cursoradapter.version
META-INF/androidx.customview_customview.version
META-INF/androidx.documentfile_documentfile.version
META-INF/androidx.drawerlayout_drawerlayout.version
META-INF/androidx.dynamicanimation_dynamicanimation.version
META-INF/androidx.emoji2_emoji2-views-helper.version
META-INF/androidx.emoji2_emoji2.version
META-INF/androidx.fragment_fragment.version
META-INF/androidx.interpolator_interpolator.version
META-INF/androidx.legacy_legacy-support-core-utils.version
META-INF/androidx.lifecycle_lifecycle-livedata-core.version
META-INF/androidx.lifecycle_lifecycle-livedata.version
META-INF/androidx.lifecycle_lifecycle-process.version
META-INF/androidx.lifecycle_lifecycle-runtime.version
META-INF/androidx.lifecycle_lifecycle-viewmodel-savedstate.version
META-INF/androidx.lifecycle_lifecycle-viewmodel.version
META-INF/androidx.loader_loader.version
META-INF/androidx.localbroadcastmanager_localbroadcastmanager.version
META-INF/androidx.print_print.version
META-INF/androidx.recyclerview_recyclerview.version
META-INF/androidx.savedstate_savedstate.version
META-INF/androidx.startup_startup-runtime.version
META-INF/androidx.tracing_tracing.version
META-INF/androidx.transition_transition.version
META-INF/androidx.vectordrawable_vectordrawable-animated.version
META-INF/androidx.vectordrawable_vectordrawable.version
META-INF/androidx.versionedparcelable_versionedparcelable.version
META-INF/androidx.viewpager2_viewpager2.version
META-INF/androidx.viewpager_viewpager.version
META-INF/com.google.android.material_material.version
AndroidManifest.xml
res/anim-v21/design_bottom_sheet_slide_in.xml
res/anim-v21/design_bottom_sheet_slide_out.xml
res/anim-v21/fragment_fast_out_extra_slow_in.xml
res/anim-v21/mtrl_bottom_sheet_slide_in.xml
res/anim-v21/mtrl_bottom_sheet_slide_out.xml
res/anim/abc_fade_in.xml
res/anim/abc_fade_out.xml
res/anim/abc_grow_fade_in_from_bottom.xml
res/anim/abc_popup_enter.xml
res/anim/abc_popup_exit.xml
res/anim/abc_shrink_fade_out_from_bottom.xml
res/anim/abc_slide_in_bottom.xml
res/anim/abc_slide_in_top.xml
res/anim/abc_slide_out_bottom.xml
res/anim/abc_slide_out_top.xml
res/anim/abc_tooltip_enter.xml
res/anim/abc_tooltip_exit.xml
res/anim/btn_checkbox_to_checked_box_inner_merged_animation.xml
res/anim/btn_checkbox_to_checked_box_outer_merged_animation.xml
res/anim/btn_checkbox_to_checked_icon_null_animation.xml
res/anim/btn_checkbox_to_unchecked_box_inner_merged_animation.xml
res/anim/btn_checkbox_to_unchecked_check_path_merged_animation.xml
res/anim/btn_checkbox_to_unchecked_icon_null_animation.xml
res/anim/btn_radio_to_off_mtrl_dot_group_animation.xml
res/anim/btn_radio_to_off_mtrl_ring_outer_animation.xml
res/anim/btn_radio_to_off_mtrl_ring_outer_path_animation.xml
res/anim/btn_radio_to_on_mtrl_dot_group_animation.xml
res/anim/btn_radio_to_on_mtrl_ring_outer_animation.xml
res/anim/btn_radio_to_on_mtrl_ring_outer_path_animation.xml
res/anim/design_snackbar_in.xml
res/anim/design_snackbar_out.xml
res/anim/mtrl_card_lowers_interpolator.xml
res/animator-v21/design_appbar_state_list_animator.xml
res/animator/design_fab_hide_motion_spec.xml
res/animator/design_fab_show_motion_spec.xml
res/animator/fragment_close_enter.xml
res/animator/fragment_close_exit.xml
res/animator/fragment_fade_enter.xml
res/animator/fragment_fade_exit.xml
res/animator/fragment_open_enter.xml
res/animator/fragment_open_exit.xml
res/animator/linear_indeterminate_line1_head_interpolator.xml
res/animator/linear_indeterminate_line1_tail_interpolator.xml
res/animator/linear_indeterminate_line2_head_interpolator.xml
res/animator/linear_indeterminate_line2_tail_interpolator.xml
res/animator/m3_btn_elevated_btn_state_list_anim.xml
res/animator/m3_btn_state_list_anim.xml
res/animator/m3_card_elevated_state_list_anim.xml
res/animator/m3_card_state_list_anim.xml
res/animator/m3_chip_state_list_anim.xml
res/animator/m3_elevated_chip_state_list_anim.xml
res/animator/mtrl_btn_state_list_anim.xml
res/animator/mtrl_btn_unelevated_state_list_anim.xml
res/animator/mtrl_card_state_list_anim.xml
res/animator/mtrl_chip_state_list_anim.xml
res/animator/mtrl_extended_fab_change_size_collapse_motion_spec.xml
res/animator/mtrl_extended_fab_change_size_expand_motion_spec.xml
res/animator/mtrl_extended_fab_hide_motion_spec.xml
res/animator/mtrl_extended_fab_show_motion_spec.xml
res/animator/mtrl_extended_fab_state_list_animator.xml
res/animator/mtrl_fab_hide_motion_spec.xml
res/animator/mtrl_fab_show_motion_spec.xml
res/animator/mtrl_fab_transformation_sheet_collapse_spec.xml
res/animator/mtrl_fab_transformation_sheet_expand_spec.xml
res/color-night-v8/material_timepicker_button_stroke.xml
res/color-night-v8/material_timepicker_clockface.xml
res/color-night-v8/material_timepicker_modebutton_tint.xml
res/color-v21/abc_btn_colored_borderless_text_material.xml
res/color-v23/abc_btn_colored_borderless_text_material.xml
res/color-v23/abc_btn_colored_text_material.xml
res/color-v23/abc_color_highlight_material.xml
res/color-v23/abc_tint_btn_checkable.xml
res/color-v23/abc_tint_default.xml
res/color-v23/abc_tint_edittext.xml
res/color-v23/abc_tint_seek_thumb.xml
res/color-v23/abc_tint_spinner.xml
res/color-v23/abc_tint_switch_track.xml
res/color-v31/m3_dynamic_dark_default_color_primary_text.xml
res/color-v31/m3_dynamic_dark_default_color_secondary_text.xml
res/color-v31/m3_dynamic_dark_highlighted_text.xml
res/color-v31/m3_dynamic_dark_hint_foreground.xml
res/color-v31/m3_dynamic_dark_primary_text_disable_only.xml
res/color-v31/m3_dynamic_default_color_primary_text.xml
res/color-v31/m3_dynamic_default_color_secondary_text.xml
res/color-v31/m3_dynamic_highlighted_text.xml
res/color-v31/m3_dynamic_hint_foreground.xml
res/color-v31/m3_dynamic_primary_text_disable_only.xml
res/color/abc_background_cache_hint_selector_material_dark.xml
res/color/abc_background_cache_hint_selector_material_light.xml
res/color/abc_btn_colored_text_material.xml
res/color/abc_hint_foreground_material_dark.xml
res/color/abc_hint_foreground_material_light.xml
res/color/abc_primary_text_disable_only_material_dark.xml
res/color/abc_primary_text_disable_only_material_light.xml
res/color/abc_primary_text_material_dark.xml
res/color/abc_primary_text_material_light.xml
res/color/abc_search_url_text.xml
res/color/abc_secondary_text_material_dark.xml
res/color/abc_secondary_text_material_light.xml
res/color/abc_tint_btn_checkable.xml
res/color/abc_tint_default.xml
res/color/abc_tint_edittext.xml
res/color/abc_tint_seek_thumb.xml
res/color/abc_tint_spinner.xml
res/color/abc_tint_switch_track.xml
res/color/checkbox_themeable_attribute_color.xml
res/color/design_box_stroke_color.xml
res/color/design_error.xml
res/color/design_icon_tint.xml
res/color/m3_appbar_overlay_color.xml
res/color/m3_assist_chip_icon_tint_color.xml
res/color/m3_assist_chip_stroke_color.xml
res/color/m3_button_background_color_selector.xml
res/color/m3_button_foreground_color_selector.xml
res/color/m3_button_outline_color_selector.xml
res/color/m3_button_ripple_color.xml
res/color/m3_button_ripple_color_selector.xml
res/color/m3_calendar_item_disabled_text.xml
res/color/m3_calendar_item_stroke_color.xml
res/color/m3_card_foreground_color.xml
res/color/m3_card_ripple_color.xml
res/color/m3_card_stroke_color.xml
res/color/m3_chip_assist_text_color.xml
res/color/m3_chip_background_color.xml
res/color/m3_chip_ripple_color.xml
res/color/m3_chip_stroke_color.xml
res/color/m3_chip_text_color.xml
res/color/m3_dark_default_color_primary_text.xml
res/color/m3_dark_default_color_secondary_text.xml
res/color/m3_dark_highlighted_text.xml
res/color/m3_dark_hint_foreground.xml
res/color/m3_dark_primary_text_disable_only.xml
res/color/m3_default_color_primary_text.xml
res/color/m3_default_color_secondary_text.xml
res/color/m3_elevated_chip_background_color.xml
res/color/m3_highlighted_text.xml
res/color/m3_hint_foreground.xml
res/color/m3_navigation_bar_item_with_indicator_icon_tint.xml
res/color/m3_navigation_bar_item_with_indicator_label_tint.xml
res/color/m3_navigation_bar_ripple_color_selector.xml
res/color/m3_navigation_item_background_color.xml
res/color/m3_navigation_item_icon_tint.xml
res/color/m3_navigation_item_text_color.xml
res/color/m3_popupmenu_overlay_color.xml
res/color/m3_primary_text_disable_only.xml
res/color/m3_radiobutton_ripple_tint.xml
res/color/m3_selection_control_button_tint.xml
res/color/m3_selection_control_ripple_color_selector.xml
res/color/m3_slider_active_track_color.xml
res/color/m3_slider_halo_color.xml
res/color/m3_slider_inactive_track_color.xml
res/color/m3_slider_thumb_color.xml
res/color/m3_switch_thumb_tint.xml
res/color/m3_switch_track_tint.xml
res/color/m3_tabs_icon_color.xml
res/color/m3_tabs_ripple_color.xml
res/color/m3_text_button_background_color_selector.xml
res/color/m3_text_button_foreground_color_selector.xml
res/color/m3_text_button_ripple_color_selector.xml
res/color/m3_textfield_filled_background_color.xml
res/color/m3_textfield_indicator_text_color.xml
res/color/m3_textfield_input_text_color.xml
res/color/m3_textfield_label_color.xml
res/color/m3_textfield_stroke_color.xml
res/color/m3_timepicker_button_background_color.xml
res/color/m3_timepicker_button_ripple_color.xml
res/color/m3_timepicker_button_text_color.xml
res/color/m3_timepicker_clock_text_color.xml
res/color/m3_timepicker_display_background_color.xml
res/color/m3_timepicker_display_ripple_color.xml
res/color/m3_timepicker_display_stroke_color.xml
res/color/m3_timepicker_display_text_color.xml
res/color/m3_timepicker_secondary_text_button_ripple_color.xml
res/color/m3_timepicker_secondary_text_button_text_color.xml
res/color/m3_tonal_button_ripple_color_selector.xml
res/color/material_cursor_color.xml
res/color/material_divider_color.xml
res/color/material_on_background_disabled.xml
res/color/material_on_background_emphasis_high_type.xml
res/color/material_on_background_emphasis_medium.xml
res/color/material_on_primary_disabled.xml
res/color/material_on_primary_emphasis_high_type.xml
res/color/material_on_primary_emphasis_medium.xml
res/color/material_on_surface_disabled.xml
res/color/material_on_surface_emphasis_high_type.xml
res/color/material_on_surface_emphasis_medium.xml
res/color/material_on_surface_stroke.xml
res/color/material_slider_active_tick_marks_color.xml
res/color/material_slider_active_track_color.xml
res/color/material_slider_halo_color.xml
res/color/material_slider_inactive_tick_marks_color.xml
res/color/material_slider_inactive_track_color.xml
res/color/material_slider_thumb_color.xml
res/color/material_timepicker_button_background.xml
res/color/material_timepicker_button_stroke.xml
res/color/material_timepicker_clock_text_color.xml
res/color/material_timepicker_clockface.xml
res/color/material_timepicker_modebutton_tint.xml
res/color/mtrl_btn_bg_color_selector.xml
res/color/mtrl_btn_ripple_color.xml
res/color/mtrl_btn_stroke_color_selector.xml
res/color/mtrl_btn_text_btn_bg_color_selector.xml
res/color/mtrl_btn_text_btn_ripple_color.xml
res/color/mtrl_btn_text_color_selector.xml
res/color/mtrl_calendar_item_stroke_color.xml
res/color/mtrl_calendar_selected_range.xml
res/color/mtrl_card_view_foreground.xml
res/color/mtrl_card_view_ripple.xml
res/color/mtrl_chip_background_color.xml
res/color/mtrl_chip_close_icon_tint.xml
res/color/mtrl_chip_surface_color.xml
res/color/mtrl_chip_text_color.xml
res/color/mtrl_choice_chip_background_color.xml
res/color/mtrl_choice_chip_ripple_color.xml
res/color/mtrl_choice_chip_text_color.xml
res/color/mtrl_error.xml
res/color/mtrl_fab_bg_color_selector.xml
res/color/mtrl_fab_icon_text_color_selector.xml
res/color/mtrl_fab_ripple_color.xml
res/color/mtrl_filled_background_color.xml
res/color/mtrl_filled_icon_tint.xml
res/color/mtrl_filled_stroke_color.xml
res/color/mtrl_indicator_text_color.xml
res/color/mtrl_navigation_bar_colored_item_tint.xml
res/color/mtrl_navigation_bar_colored_ripple_color.xml
res/color/mtrl_navigation_bar_item_tint.xml
res/color/mtrl_navigation_bar_ripple_color.xml
res/color/mtrl_navigation_item_background_color.xml
res/color/mtrl_navigation_item_icon_tint.xml
res/color/mtrl_navigation_item_text_color.xml
res/color/mtrl_on_primary_text_btn_text_color_selector.xml
res/color/mtrl_on_surface_ripple_color.xml
res/color/mtrl_outlined_icon_tint.xml
res/color/mtrl_outlined_stroke_color.xml
res/color/mtrl_popupmenu_overlay_color.xml
res/color/mtrl_tabs_colored_ripple_color.xml
res/color/mtrl_tabs_icon_color_selector.xml
res/color/mtrl_tabs_icon_color_selector_colored.xml
res/color/mtrl_tabs_legacy_text_color_selector.xml
res/color/mtrl_tabs_ripple_color.xml
res/color/mtrl_text_btn_text_color_selector.xml
res/color/radiobutton_themeable_attribute_color.xml
res/color/switch_thumb_material_dark.xml
res/color/switch_thumb_material_light.xml
res/color/test_mtrl_calendar_day.xml
res/color/test_mtrl_calendar_day_selected.xml
res/drawable-anydpi-v24/$ic_launcher_foreground__0.xml
res/drawable-anydpi-v24/ic_launcher_foreground.xml
res/drawable-hdpi-v4/abc_ab_share_pack_mtrl_alpha.9.png
res/drawable-hdpi-v4/abc_btn_check_to_on_mtrl_000.png
res/drawable-hdpi-v4/abc_btn_check_to_on_mtrl_015.png
res/drawable-hdpi-v4/abc_btn_radio_to_on_mtrl_000.png
res/drawable-hdpi-v4/abc_btn_radio_to_on_mtrl_015.png
res/drawable-hdpi-v4/abc_btn_switch_to_on_mtrl_00001.9.png
res/drawable-hdpi-v4/abc_btn_switch_to_on_mtrl_00012.9.png
res/drawable-hdpi-v4/abc_cab_background_top_mtrl_alpha.9.png
res/drawable-hdpi-v4/abc_ic_commit_search_api_mtrl_alpha.png
res/drawable-hdpi-v4/abc_list_divider_mtrl_alpha.9.png
res/drawable-hdpi-v4/abc_list_focused_holo.9.png
res/drawable-hdpi-v4/abc_list_longpressed_holo.9.png
res/drawable-hdpi-v4/abc_list_pressed_holo_dark.9.png
res/drawable-hdpi-v4/abc_list_pressed_holo_light.9.png
res/drawable-hdpi-v4/abc_list_selector_disabled_holo_dark.9.png
res/drawable-hdpi-v4/abc_list_selector_disabled_holo_light.9.png
res/drawable-hdpi-v4/abc_menu_hardkey_panel_mtrl_mult.9.png
res/drawable-hdpi-v4/abc_popup_background_mtrl_mult.9.png
res/drawable-hdpi-v4/abc_scrubber_control_off_mtrl_alpha.png
res/drawable-hdpi-v4/abc_scrubber_control_to_pressed_mtrl_000.png
res/drawable-hdpi-v4/abc_scrubber_control_to_pressed_mtrl_005.png
res/drawable-hdpi-v4/abc_scrubber_primary_mtrl_alpha.9.png
res/drawable-hdpi-v4/abc_scrubber_track_mtrl_alpha.9.png
res/drawable-hdpi-v4/abc_spinner_mtrl_am_alpha.9.png
res/drawable-hdpi-v4/abc_switch_track_mtrl_alpha.9.png
res/drawable-hdpi-v4/abc_tab_indicator_mtrl_alpha.9.png
res/drawable-hdpi-v4/abc_text_select_handle_left_mtrl.png
res/drawable-hdpi-v4/abc_text_select_handle_middle_mtrl.png
res/drawable-hdpi-v4/abc_text_select_handle_right_mtrl.png
res/drawable-hdpi-v4/abc_textfield_activated_mtrl_alpha.9.png
res/drawable-hdpi-v4/abc_textfield_default_mtrl_alpha.9.png
res/drawable-hdpi-v4/abc_textfield_search_activated_mtrl_alpha.9.png
res/drawable-hdpi-v4/abc_textfield_search_default_mtrl_alpha.9.png
res/drawable-hdpi-v4/icon.png
res/drawable-hdpi-v4/notification_bg_low_normal.9.png
res/drawable-hdpi-v4/notification_bg_low_pressed.9.png
res/drawable-hdpi-v4/notification_bg_normal.9.png
res/drawable-hdpi-v4/notification_bg_normal_pressed.9.png
res/drawable-hdpi-v4/notify_panel_notification_icon_bg.png
res/drawable-ldrtl-hdpi-v17/abc_spinner_mtrl_am_alpha.9.png
res/drawable-ldrtl-mdpi-v17/abc_spinner_mtrl_am_alpha.9.png
res/drawable-ldrtl-xhdpi-v17/abc_spinner_mtrl_am_alpha.9.png
res/drawable-ldrtl-xxhdpi-v17/abc_spinner_mtrl_am_alpha.9.png
res/drawable-ldrtl-xxxhdpi-v17/abc_spinner_mtrl_am_alpha.9.png
res/drawable-mdpi-v4/abc_ab_share_pack_mtrl_alpha.9.png
res/drawable-mdpi-v4/abc_btn_check_to_on_mtrl_000.png
res/drawable-mdpi-v4/abc_btn_check_to_on_mtrl_015.png
res/drawable-mdpi-v4/abc_btn_radio_to_on_mtrl_000.png
res/drawable-mdpi-v4/abc_btn_radio_to_on_mtrl_015.png
res/drawable-mdpi-v4/abc_btn_switch_to_on_mtrl_00001.9.png
res/drawable-mdpi-v4/abc_btn_switch_to_on_mtrl_00012.9.png
res/drawable-mdpi-v4/abc_cab_background_top_mtrl_alpha.9.png
res/drawable-mdpi-v4/abc_ic_commit_search_api_mtrl_alpha.png
res/drawable-mdpi-v4/abc_list_divider_mtrl_alpha.9.png
res/drawable-mdpi-v4/abc_list_focused_holo.9.png
res/drawable-mdpi-v4/abc_list_longpressed_holo.9.png
res/drawable-mdpi-v4/abc_list_pressed_holo_dark.9.png
res/drawable-mdpi-v4/abc_list_pressed_holo_light.9.png
res/drawable-mdpi-v4/abc_list_selector_disabled_holo_dark.9.png
res/drawable-mdpi-v4/abc_list_selector_disabled_holo_light.9.png
res/drawable-mdpi-v4/abc_menu_hardkey_panel_mtrl_mult.9.png
res/drawable-mdpi-v4/abc_popup_background_mtrl_mult.9.png
res/drawable-mdpi-v4/abc_scrubber_control_off_mtrl_alpha.png
res/drawable-mdpi-v4/abc_scrubber_control_to_pressed_mtrl_000.png
res/drawable-mdpi-v4/abc_scrubber_control_to_pressed_mtrl_005.png
res/drawable-mdpi-v4/abc_scrubber_primary_mtrl_alpha.9.png
res/drawable-mdpi-v4/abc_scrubber_track_mtrl_alpha.9.png
res/drawable-mdpi-v4/abc_spinner_mtrl_am_alpha.9.png
res/drawable-mdpi-v4/abc_switch_track_mtrl_alpha.9.png
res/drawable-mdpi-v4/abc_tab_indicator_mtrl_alpha.9.png
res/drawable-mdpi-v4/abc_text_select_handle_left_mtrl.png
res/drawable-mdpi-v4/abc_text_select_handle_middle_mtrl.png
res/drawable-mdpi-v4/abc_text_select_handle_right_mtrl.png
res/drawable-mdpi-v4/abc_textfield_activated_mtrl_alpha.9.png
res/drawable-mdpi-v4/abc_textfield_default_mtrl_alpha.9.png
res/drawable-mdpi-v4/abc_textfield_search_activated_mtrl_alpha.9.png
res/drawable-mdpi-v4/abc_textfield_search_default_mtrl_alpha.9.png
res/drawable-mdpi-v4/icon.png
res/drawable-mdpi-v4/notification_bg_low_normal.9.png
res/drawable-mdpi-v4/notification_bg_low_pressed.9.png
res/drawable-mdpi-v4/notification_bg_normal.9.png
res/drawable-mdpi-v4/notification_bg_normal_pressed.9.png
res/drawable-mdpi-v4/notify_panel_notification_icon_bg.png
res/drawable-v21/abc_action_bar_item_background_material.xml
res/drawable-v21/abc_btn_colored_material.xml
res/drawable-v21/abc_dialog_material_background.xml
res/drawable-v21/abc_edit_text_material.xml
res/drawable-v21/abc_list_divider_material.xml
res/drawable-v21/m3_tabs_background.xml
res/drawable-v21/material_cursor_drawable.xml
res/drawable-v21/mtrl_navigation_bar_item_background.xml
res/drawable-v21/notification_action_background.xml
res/drawable-v23/abc_control_background_material.xml
res/drawable-v23/m3_appbar_background.xml
res/drawable-v23/m3_popupmenu_background_overlay.xml
res/drawable-v23/m3_radiobutton_ripple.xml
res/drawable-v23/m3_selection_control_ripple.xml
res/drawable-v23/m3_tabs_background.xml
res/drawable-v23/m3_tabs_transparent_background.xml
res/drawable-v23/mtrl_popupmenu_background_overlay.xml
res/drawable-watch-v20/abc_dialog_material_background.xml
res/drawable-xhdpi-v4/abc_ab_share_pack_mtrl_alpha.9.png
res/drawable-xhdpi-v4/abc_btn_check_to_on_mtrl_000.png
res/drawable-xhdpi-v4/abc_btn_check_to_on_mtrl_015.png
res/drawable-xhdpi-v4/abc_btn_radio_to_on_mtrl_000.png
res/drawable-xhdpi-v4/abc_btn_radio_to_on_mtrl_015.png
res/drawable-xhdpi-v4/abc_btn_switch_to_on_mtrl_00001.9.png
res/drawable-xhdpi-v4/abc_btn_switch_to_on_mtrl_00012.9.png
res/drawable-xhdpi-v4/abc_cab_background_top_mtrl_alpha.9.png
res/drawable-xhdpi-v4/abc_ic_commit_search_api_mtrl_alpha.png
res/drawable-xhdpi-v4/abc_list_divider_mtrl_alpha.9.png
res/drawable-xhdpi-v4/abc_list_focused_holo.9.png
res/drawable-xhdpi-v4/abc_list_longpressed_holo.9.png
res/drawable-xhdpi-v4/abc_list_pressed_holo_dark.9.png
res/drawable-xhdpi-v4/abc_list_pressed_holo_light.9.png
res/drawable-xhdpi-v4/abc_list_selector_disabled_holo_dark.9.png
res/drawable-xhdpi-v4/abc_list_selector_disabled_holo_light.9.png
res/drawable-xhdpi-v4/abc_menu_hardkey_panel_mtrl_mult.9.png
res/drawable-xhdpi-v4/abc_popup_background_mtrl_mult.9.png
res/drawable-xhdpi-v4/abc_scrubber_control_off_mtrl_alpha.png
res/drawable-xhdpi-v4/abc_scrubber_control_to_pressed_mtrl_000.png
res/drawable-xhdpi-v4/abc_scrubber_control_to_pressed_mtrl_005.png
res/drawable-xhdpi-v4/abc_scrubber_primary_mtrl_alpha.9.png
res/drawable-xhdpi-v4/abc_scrubber_track_mtrl_alpha.9.png
res/drawable-xhdpi-v4/abc_spinner_mtrl_am_alpha.9.png
res/drawable-xhdpi-v4/abc_switch_track_mtrl_alpha.9.png
res/drawable-xhdpi-v4/abc_tab_indicator_mtrl_alpha.9.png
res/drawable-xhdpi-v4/abc_text_select_handle_left_mtrl.png
res/drawable-xhdpi-v4/abc_text_select_handle_middle_mtrl.png
res/drawable-xhdpi-v4/abc_text_select_handle_right_mtrl.png
res/drawable-xhdpi-v4/abc_textfield_activated_mtrl_alpha.9.png
res/drawable-xhdpi-v4/abc_textfield_default_mtrl_alpha.9.png
res/drawable-xhdpi-v4/abc_textfield_search_activated_mtrl_alpha.9.png
res/drawable-xhdpi-v4/abc_textfield_search_default_mtrl_alpha.9.png
res/drawable-xhdpi-v4/icon.png
res/drawable-xhdpi-v4/notification_bg_low_normal.9.png
res/drawable-xhdpi-v4/notification_bg_low_pressed.9.png
res/drawable-xhdpi-v4/notification_bg_normal.9.png
res/drawable-xhdpi-v4/notification_bg_normal_pressed.9.png
res/drawable-xhdpi-v4/notify_panel_notification_icon_bg.png
res/drawable-xxhdpi-v4/abc_ab_share_pack_mtrl_alpha.9.png
res/drawable-xxhdpi-v4/abc_btn_check_to_on_mtrl_000.png
res/drawable-xxhdpi-v4/abc_btn_check_to_on_mtrl_015.png
res/drawable-xxhdpi-v4/abc_btn_radio_to_on_mtrl_000.png
res/drawable-xxhdpi-v4/abc_btn_radio_to_on_mtrl_015.png
res/drawable-xxhdpi-v4/abc_btn_switch_to_on_mtrl_00001.9.png
res/drawable-xxhdpi-v4/abc_btn_switch_to_on_mtrl_00012.9.png
res/drawable-xxhdpi-v4/abc_cab_background_top_mtrl_alpha.9.png
res/drawable-xxhdpi-v4/abc_ic_commit_search_api_mtrl_alpha.png
res/drawable-xxhdpi-v4/abc_list_divider_mtrl_alpha.9.png
res/drawable-xxhdpi-v4/abc_list_focused_holo.9.png
res/drawable-xxhdpi-v4/abc_list_longpressed_holo.9.png
res/drawable-xxhdpi-v4/abc_list_pressed_holo_dark.9.png
res/drawable-xxhdpi-v4/abc_list_pressed_holo_light.9.png
res/drawable-xxhdpi-v4/abc_list_selector_disabled_holo_dark.9.png
res/drawable-xxhdpi-v4/abc_list_selector_disabled_holo_light.9.png
res/drawable-xxhdpi-v4/abc_menu_hardkey_panel_mtrl_mult.9.png
res/drawable-xxhdpi-v4/abc_popup_background_mtrl_mult.9.png
res/drawable-xxhdpi-v4/abc_scrubber_control_off_mtrl_alpha.png
res/drawable-xxhdpi-v4/abc_scrubber_control_to_pressed_mtrl_000.png
res/drawable-xxhdpi-v4/abc_scrubber_control_to_pressed_mtrl_005.png
res/drawable-xxhdpi-v4/abc_scrubber_primary_mtrl_alpha.9.png
res/drawable-xxhdpi-v4/abc_scrubber_track_mtrl_alpha.9.png
res/drawable-xxhdpi-v4/abc_spinner_mtrl_am_alpha.9.png
res/drawable-xxhdpi-v4/abc_switch_track_mtrl_alpha.9.png
res/drawable-xxhdpi-v4/abc_tab_indicator_mtrl_alpha.9.png
res/drawable-xxhdpi-v4/abc_text_select_handle_left_mtrl.png
res/drawable-xxhdpi-v4/abc_text_select_handle_middle_mtrl.png
res/drawable-xxhdpi-v4/abc_text_select_handle_right_mtrl.png
res/drawable-xxhdpi-v4/abc_textfield_activated_mtrl_alpha.9.png
res/drawable-xxhdpi-v4/abc_textfield_default_mtrl_alpha.9.png
res/drawable-xxhdpi-v4/abc_textfield_search_activated_mtrl_alpha.9.png
res/drawable-xxhdpi-v4/abc_textfield_search_default_mtrl_alpha.9.png
res/drawable-xxhdpi-v4/icon.png
res/drawable-xxxhdpi-v4/abc_btn_check_to_on_mtrl_000.png
res/drawable-xxxhdpi-v4/abc_btn_check_to_on_mtrl_015.png
res/drawable-xxxhdpi-v4/abc_btn_radio_to_on_mtrl_000.png
res/drawable-xxxhdpi-v4/abc_btn_radio_to_on_mtrl_015.png
res/drawable-xxxhdpi-v4/abc_btn_switch_to_on_mtrl_00001.9.png
res/drawable-xxxhdpi-v4/abc_btn_switch_to_on_mtrl_00012.9.png
res/drawable-xxxhdpi-v4/abc_scrubber_control_to_pressed_mtrl_000.png
res/drawable-xxxhdpi-v4/abc_scrubber_control_to_pressed_mtrl_005.png
res/drawable-xxxhdpi-v4/abc_spinner_mtrl_am_alpha.9.png
res/drawable-xxxhdpi-v4/abc_switch_track_mtrl_alpha.9.png
res/drawable-xxxhdpi-v4/abc_tab_indicator_mtrl_alpha.9.png
res/drawable-xxxhdpi-v4/abc_text_select_handle_left_mtrl.png
res/drawable-xxxhdpi-v4/abc_text_select_handle_right_mtrl.png
res/drawable-xxxhdpi-v4/icon.png
res/drawable/$avd_hide_password__0.xml
res/drawable/$avd_hide_password__1.xml
res/drawable/$avd_hide_password__2.xml
res/drawable/$avd_show_password__0.xml
res/drawable/$avd_show_password__1.xml
res/drawable/$avd_show_password__2.xml
res/drawable/abc_btn_borderless_material.xml
res/drawable/abc_btn_check_material.xml
res/drawable/abc_btn_check_material_anim.xml
res/drawable/abc_btn_default_mtrl_shape.xml
res/drawable/abc_btn_radio_material.xml
res/drawable/abc_btn_radio_material_anim.xml
res/drawable/abc_cab_background_internal_bg.xml
res/drawable/abc_cab_background_top_material.xml
res/drawable/abc_ic_ab_back_material.xml
res/drawable/abc_ic_arrow_drop_right_black_24dp.xml
res/drawable/abc_ic_clear_material.xml
res/drawable/abc_ic_go_search_api_material.xml
res/drawable/abc_ic_menu_copy_mtrl_am_alpha.xml
res/drawable/abc_ic_menu_cut_mtrl_alpha.xml
res/drawable/abc_ic_menu_overflow_material.xml
res/drawable/abc_ic_menu_paste_mtrl_am_alpha.xml
res/drawable/abc_ic_menu_selectall_mtrl_alpha.xml
res/drawable/abc_ic_menu_share_mtrl_alpha.xml
res/drawable/abc_ic_search_api_material.xml
res/drawable/abc_ic_voice_search_api_material.xml
res/drawable/abc_item_background_holo_dark.xml
res/drawable/abc_item_background_holo_light.xml
res/drawable/abc_list_selector_background_transition_holo_dark.xml
res/drawable/abc_list_selector_background_transition_holo_light.xml
res/drawable/abc_list_selector_holo_dark.xml
res/drawable/abc_list_selector_holo_light.xml
res/drawable/abc_ratingbar_indicator_material.xml
res/drawable/abc_ratingbar_material.xml
res/drawable/abc_ratingbar_small_material.xml
res/drawable/abc_seekbar_thumb_material.xml
res/drawable/abc_seekbar_tick_mark_material.xml
res/drawable/abc_seekbar_track_material.xml
res/drawable/abc_spinner_textfield_background_material.xml
res/drawable/abc_star_black_48dp.xml
res/drawable/abc_star_half_black_48dp.xml
res/drawable/abc_switch_thumb_material.xml
res/drawable/abc_tab_indicator_material.xml
res/drawable/abc_text_cursor_material.xml
res/drawable/abc_textfield_search_material.xml
res/drawable/abc_vector_test.xml
res/drawable/avd_hide_password.xml
res/drawable/avd_show_password.xml
res/drawable/btn_checkbox_checked_mtrl.xml
res/drawable/btn_checkbox_checked_to_unchecked_mtrl_animation.xml
res/drawable/btn_checkbox_unchecked_mtrl.xml
res/drawable/btn_checkbox_unchecked_to_checked_mtrl_animation.xml
res/drawable/btn_radio_off_mtrl.xml
res/drawable/btn_radio_off_to_on_mtrl_animation.xml
res/drawable/btn_radio_on_mtrl.xml
res/drawable/btn_radio_on_to_off_mtrl_animation.xml
res/drawable/design_fab_background.xml
res/drawable/design_ic_visibility.xml
res/drawable/design_ic_visibility_off.xml
res/drawable/design_password_eye.xml
res/drawable/design_snackbar_background.xml
res/drawable/ic_clock_black_24dp.xml
res/drawable/ic_keyboard_black_24dp.xml
res/drawable/ic_launcher_background.xml
res/drawable/ic_m3_chip_check.xml
res/drawable/ic_m3_chip_checked_circle.xml
res/drawable/ic_m3_chip_close.xml
res/drawable/ic_mtrl_checked_circle.xml
res/drawable/ic_mtrl_chip_checked_black.xml
res/drawable/ic_mtrl_chip_checked_circle.xml
res/drawable/ic_mtrl_chip_close_circle.xml
res/drawable/item_bg.xml
res/drawable/m3_popupmenu_background_overlay.xml
res/drawable/m3_tabs_line_indicator.xml
res/drawable/m3_tabs_rounded_line_indicator.xml
res/drawable/material_ic_calendar_black_24dp.xml
res/drawable/material_ic_clear_black_24dp.xml
res/drawable/material_ic_edit_black_24dp.xml
res/drawable/material_ic_keyboard_arrow_left_black_24dp.xml
res/drawable/material_ic_keyboard_arrow_right_black_24dp.xml
res/drawable/material_ic_menu_arrow_down_black_24dp.xml
res/drawable/material_ic_menu_arrow_up_black_24dp.xml
res/drawable/mtrl_dialog_background.xml
res/drawable/mtrl_dropdown_arrow.xml
res/drawable/mtrl_ic_arrow_drop_down.xml
res/drawable/mtrl_ic_arrow_drop_up.xml
res/drawable/mtrl_ic_cancel.xml
res/drawable/mtrl_ic_error.xml
res/drawable/mtrl_popupmenu_background.xml
res/drawable/mtrl_popupmenu_background_overlay.xml
res/drawable/mtrl_tabs_default_indicator.xml
res/drawable/navigation_empty_icon.xml
res/drawable/notification_bg.xml
res/drawable/notification_bg_low.xml
res/drawable/notification_icon_background.xml
res/drawable/notification_tile_bg.xml
res/drawable/test_custom_background.xml
res/drawable/test_level_drawable.xml
res/drawable/tooltip_frame_dark.xml
res/drawable/tooltip_frame_light.xml
res/interpolator-v21/mtrl_fast_out_linear_in.xml
res/interpolator-v21/mtrl_fast_out_slow_in.xml
res/interpolator-v21/mtrl_linear_out_slow_in.xml
res/interpolator/btn_checkbox_checked_mtrl_animation_interpolator_0.xml
res/interpolator/btn_checkbox_checked_mtrl_animation_interpolator_1.xml
res/interpolator/btn_checkbox_unchecked_mtrl_animation_interpolator_0.xml
res/interpolator/btn_checkbox_unchecked_mtrl_animation_interpolator_1.xml
res/interpolator/btn_radio_to_off_mtrl_animation_interpolator_0.xml
res/interpolator/btn_radio_to_on_mtrl_animation_interpolator_0.xml
res/interpolator/fast_out_slow_in.xml
res/interpolator/mtrl_linear.xml
res/layout-land/material_clock_period_toggle_land.xml
res/layout-land/material_timepicker.xml
res/layout-land/mtrl_picker_header_dialog.xml
res/layout-ldrtl-v17/material_textinput_timepicker.xml
res/layout-sw600dp-v13/design_layout_snackbar.xml
res/layout-sw600dp-v13/mtrl_layout_snackbar.xml
res/layout-v21/notification_action.xml
res/layout-v21/notification_action_tombstone.xml
res/layout-v21/notification_template_custom_big.xml
res/layout-v21/notification_template_icon_group.xml
res/layout-v22/abc_alert_dialog_button_bar_material.xml
res/layout-v22/m3_alert_dialog_actions.xml
res/layout-v22/material_timepicker_dialog.xml
res/layout-v22/mtrl_alert_dialog_actions.xml
res/layout-v26/abc_screen_toolbar.xml
res/layout-v26/mtrl_calendar_month.xml
res/layout-watch-v20/abc_alert_dialog_button_bar_material.xml
res/layout-watch-v20/abc_alert_dialog_title_material.xml
res/layout/abc_action_bar_title_item.xml
res/layout/abc_action_bar_up_container.xml
res/layout/abc_action_menu_item_layout.xml
res/layout/abc_action_menu_layout.xml
res/layout/abc_action_mode_bar.xml
res/layout/abc_action_mode_close_item_material.xml
res/layout/abc_activity_chooser_view.xml
res/layout/abc_activity_chooser_view_list_item.xml
res/layout/abc_alert_dialog_button_bar_material.xml
res/layout/abc_alert_dialog_material.xml
res/layout/abc_alert_dialog_title_material.xml
res/layout/abc_cascading_menu_item_layout.xml
res/layout/abc_dialog_title_material.xml
res/layout/abc_expanded_menu_layout.xml
res/layout/abc_list_menu_item_checkbox.xml
res/layout/abc_list_menu_item_icon.xml
res/layout/abc_list_menu_item_layout.xml
res/layout/abc_list_menu_item_radio.xml
res/layout/abc_popup_menu_header_item_layout.xml
res/layout/abc_popup_menu_item_layout.xml
res/layout/abc_screen_content_include.xml
res/layout/abc_screen_simple.xml
res/layout/abc_screen_simple_overlay_action_mode.xml
res/layout/abc_screen_toolbar.xml
res/layout/abc_search_dropdown_item_icons_2line.xml
res/layout/abc_search_view.xml
res/layout/abc_select_dialog_material.xml
res/layout/abc_tooltip.xml
res/layout/activity_show_attendance_sheet.xml
res/layout/activity_show_course_list.xml
res/layout/custom_dialog.xml
res/layout/design_bottom_navigation_item.xml
res/layout/design_bottom_sheet_dialog.xml
res/layout/design_layout_snackbar.xml
res/layout/design_layout_snackbar_include.xml
res/layout/design_layout_tab_icon.xml
res/layout/design_layout_tab_text.xml
res/layout/design_menu_item_action_area.xml
res/layout/design_navigation_item.xml
res/layout/design_navigation_item_header.xml
res/layout/design_navigation_item_separator.xml
res/layout/design_navigation_item_subheader.xml
res/layout/design_navigation_menu.xml
res/layout/design_navigation_menu_item.xml
res/layout/design_text_input_end_icon.xml
res/layout/design_text_input_start_icon.xml
res/layout/layout_grid_item.xml
res/layout/m3_alert_dialog.xml
res/layout/m3_alert_dialog_actions.xml
res/layout/m3_alert_dialog_title.xml
res/layout/material_chip_input_combo.xml
res/layout/material_clock_display.xml
res/layout/material_clock_display_divider.xml
res/layout/material_clock_period_toggle.xml
res/layout/material_clockface_textview.xml
res/layout/material_clockface_view.xml
res/layout/material_radial_view_group.xml
res/layout/material_textinput_timepicker.xml
res/layout/material_time_chip.xml
res/layout/material_time_input.xml
res/layout/material_timepicker.xml
res/layout/material_timepicker_dialog.xml
res/layout/material_timepicker_textinput_display.xml
res/layout/mtrl_alert_dialog.xml
res/layout/mtrl_alert_dialog_actions.xml
res/layout/mtrl_alert_dialog_title.xml
res/layout/mtrl_alert_select_dialog_item.xml
res/layout/mtrl_alert_select_dialog_multichoice.xml
res/layout/mtrl_alert_select_dialog_singlechoice.xml
res/layout/mtrl_calendar_day.xml
res/layout/mtrl_calendar_day_of_week.xml
res/layout/mtrl_calendar_days_of_week.xml
res/layout/mtrl_calendar_horizontal.xml
res/layout/mtrl_calendar_month.xml
res/layout/mtrl_calendar_month_labeled.xml
res/layout/mtrl_calendar_month_navigation.xml
res/layout/mtrl_calendar_months.xml
res/layout/mtrl_calendar_vertical.xml
res/layout/mtrl_calendar_year.xml
res/layout/mtrl_layout_snackbar.xml
res/layout/mtrl_layout_snackbar_include.xml
res/layout/mtrl_navigation_rail_item.xml
res/layout/mtrl_picker_actions.xml
res/layout/mtrl_picker_dialog.xml
res/layout/mtrl_picker_fullscreen.xml
res/layout/mtrl_picker_header_dialog.xml
res/layout/mtrl_picker_header_fullscreen.xml
res/layout/mtrl_picker_header_selection_text.xml
res/layout/mtrl_picker_header_title_text.xml
res/layout/mtrl_picker_header_toggle.xml
res/layout/mtrl_picker_text_input_date.xml
res/layout/mtrl_picker_text_input_date_range.xml
res/layout/notification_template_part_chronometer.xml
res/layout/notification_template_part_time.xml
res/layout/select_dialog_item_material.xml
res/layout/select_dialog_multichoice_material.xml
res/layout/select_dialog_singlechoice_material.xml
res/layout/support_simple_spinner_dropdown_item.xml
res/layout/test_action_chip.xml
res/layout/test_chip_zero_corner_radius.xml
res/layout/test_design_checkbox.xml
res/layout/test_design_radiobutton.xml
res/layout/test_navigation_bar_item_layout.xml
res/layout/test_reflow_chipgroup.xml
res/layout/test_toolbar.xml
res/layout/test_toolbar_custom_background.xml
res/layout/test_toolbar_elevation.xml
res/layout/test_toolbar_surface.xml
res/layout/text_view_with_line_height_from_appearance.xml
res/layout/text_view_with_line_height_from_layout.xml
res/layout/text_view_with_line_height_from_style.xml
res/layout/text_view_with_theme_line_height.xml
res/layout/text_view_without_line_height.xml
res/menu/example_menu.xml
res/menu/example_menu2.xml
res/mipmap-anydpi-v26/ic_launcher.xml
res/mipmap-anydpi-v26/ic_launcher_round.xml
res/mipmap-hdpi-v4/ic_launcher.webp
res/mipmap-hdpi-v4/ic_launcher_round.webp
res/mipmap-mdpi-v4/ic_launcher.webp
res/mipmap-mdpi-v4/ic_launcher_round.webp
res/mipmap-xhdpi-v4/ic_launcher.webp
res/mipmap-xhdpi-v4/ic_launcher_round.webp
res/mipmap-xxhdpi-v4/ic_launcher.webp
res/mipmap-xxhdpi-v4/ic_launcher_round.webp
res/mipmap-xxxhdpi-v4/ic_launcher.webp
res/mipmap-xxxhdpi-v4/ic_launcher_round.webp
res/xml/standalone_badge.xml
res/xml/standalone_badge_gravity_bottom_end.xml
res/xml/standalone_badge_gravity_bottom_start.xml
res/xml/standalone_badge_gravity_top_start.xml
res/xml/standalone_badge_offset.xml
resources.arsc
META-INF/CERT.SF
META-INF/CERT.RSA
META-INF/MANIFEST.MF
Total files:      744
